The system is: Darwin - 20.6.0 - x86_64
Compiling the C compiler identification source file "CMakeCCompilerId.c" succeeded.
Compiler: /usr/bin/clang 
Build flags: 
Id flags:  

The output was:
0


Compilation of the C compiler identification source "CMakeCCompilerId.c" produced "a.out"

The C compiler identification is AppleClang, found in "/Users/chendongsheng/github/cds_qr_code/build/CMakeFiles/3.21.4/CompilerIdC/a.out"

Compiling the CXX compiler identification source file "CMakeCXXCompilerId.cpp" succeeded.
Compiler: /usr/bin/clang++ 
Build flags: 
Id flags:  

The output was:
0


Compilation of the CXX compiler identification source "CMakeCXXCompilerId.cpp" produced "a.out"

The CXX compiler identification is AppleClang, found in "/Users/chendongsheng/github/cds_qr_code/build/CMakeFiles/3.21.4/CompilerIdCXX/a.out"

Detecting C compiler ABI info compiled with the following output:
Change Dir: /Users/chendongsheng/github/cds_qr_code/build/CMakeFiles/CMakeTmp

Run Build Command(s):/usr/bin/make -f Makefile cmTC_88dbe/fast && /Applications/Xcode.app/Contents/Developer/usr/bin/make  -f CMakeFiles/cmTC_88dbe.dir/build.make CMakeFiles/cmTC_88dbe.dir/build
Building C object CMakeFiles/cmTC_88dbe.dir/CMakeCCompilerABI.c.o
/usr/bin/clang   -isysroot /Applications/Xcode.app/Contents/Developer/Platforms/MacOSX.platform/Developer/SDKs/MacOSX12.0.sdk -mmacosx-version-min=11.6   -v -Wl,-v -MD -MT CMakeFiles/cmTC_88dbe.dir/CMakeCCompilerABI.c.o -MF CMakeFiles/cmTC_88dbe.dir/CMakeCCompilerABI.c.o.d -o CMakeFiles/cmTC_88dbe.dir/CMakeCCompilerABI.c.o -c /usr/local/Cellar/cmake/3.21.4/share/cmake/Modules/CMakeCCompilerABI.c
Apple clang version 13.0.0 (clang-1300.0.29.3)
Target: x86_64-apple-darwin20.6.0
Thread model: posix
InstalledDir: /Applications/Xcode.app/Contents/Developer/Toolchains/XcodeDefault.xctoolchain/usr/bin
clang: warning: -Wl,-v: 'linker' input unused [-Wunused-command-line-argument]
 "/Applications/Xcode.app/Contents/Developer/Toolchains/XcodeDefault.xctoolchain/usr/bin/clang" -cc1 -triple x86_64-apple-macosx11.6.0 -Wundef-prefix=TARGET_OS_ -Wdeprecated-objc-isa-usage -Werror=deprecated-objc-isa-usage -Werror=implicit-function-declaration -emit-obj -mrelax-all --mrelax-relocations -disable-free -disable-llvm-verifier -discard-value-names -main-file-name CMakeCCompilerABI.c -mrelocation-model pic -pic-level 2 -mframe-pointer=all -fno-strict-return -fno-rounding-math -munwind-tables -target-sdk-version=12.0 -fvisibility-inlines-hidden-static-local-var -target-cpu penryn -tune-cpu generic -debugger-tuning=lldb -target-linker-version 711 -v -resource-dir /Applications/Xcode.app/Contents/Developer/Toolchains/XcodeDefault.xctoolchain/usr/lib/clang/13.0.0 -dependency-file CMakeFiles/cmTC_88dbe.dir/CMakeCCompilerABI.c.o.d -skip-unused-modulemap-deps -MT CMakeFiles/cmTC_88dbe.dir/CMakeCCompilerABI.c.o -sys-header-deps -isysroot /Applications/Xcode.app/Contents/Developer/Platforms/MacOSX.platform/Developer/SDKs/MacOSX12.0.sdk -internal-isystem /Applications/Xcode.app/Contents/Developer/Platforms/MacOSX.platform/Developer/SDKs/MacOSX12.0.sdk/usr/local/include -internal-isystem /Applications/Xcode.app/Contents/Developer/Toolchains/XcodeDefault.xctoolchain/usr/lib/clang/13.0.0/include -internal-externc-isystem /Applications/Xcode.app/Contents/Developer/Platforms/MacOSX.platform/Developer/SDKs/MacOSX12.0.sdk/usr/include -internal-externc-isystem /Applications/Xcode.app/Contents/Developer/Toolchains/XcodeDefault.xctoolchain/usr/include -Wno-reorder-init-list -Wno-implicit-int-float-conversion -Wno-c99-designator -Wno-final-dtor-non-final-class -Wno-extra-semi-stmt -Wno-misleading-indentation -Wno-quoted-include-in-framework-header -Wno-implicit-fallthrough -Wno-enum-enum-conversion -Wno-enum-float-conversion -Wno-elaborated-enum-base -fdebug-compilation-dir /Users/chendongsheng/github/cds_qr_code/build/CMakeFiles/CMakeTmp -ferror-limit 19 -stack-protector 1 -fstack-check -mdarwin-stkchk-strong-link -fblocks -fencode-extended-block-signature -fregister-global-dtors-with-atexit -fgnuc-version=4.2.1 -fmax-type-align=16 -fcommon -clang-vendor-feature=+nullptrToBoolConversion -clang-vendor-feature=+messageToSelfInClassMethodIdReturnType -clang-vendor-feature=+disableInferNewAvailabilityFromInit -clang-vendor-feature=+disableNeonImmediateRangeCheck -clang-vendor-feature=+disableNonDependentMemberExprInCurrentInstantiation -fno-odr-hash-protocols -clang-vendor-feature=+revert09abecef7bbf -mllvm -disable-aligned-alloc-awareness=1 -mllvm -enable-dse-memoryssa=0 -o CMakeFiles/cmTC_88dbe.dir/CMakeCCompilerABI.c.o -x c /usr/local/Cellar/cmake/3.21.4/share/cmake/Modules/CMakeCCompilerABI.c
clang -cc1 version 13.0.0 (clang-1300.0.29.3) default target x86_64-apple-darwin20.6.0
ignoring nonexistent directory "/Applications/Xcode.app/Contents/Developer/Platforms/MacOSX.platform/Developer/SDKs/MacOSX12.0.sdk/usr/local/include"
ignoring nonexistent directory "/Applications/Xcode.app/Contents/Developer/Platforms/MacOSX.platform/Developer/SDKs/MacOSX12.0.sdk/Library/Frameworks"
#include "..." search starts here:
#include <...> search starts here:
 /Applications/Xcode.app/Contents/Developer/Toolchains/XcodeDefault.xctoolchain/usr/lib/clang/13.0.0/include
 /Applications/Xcode.app/Contents/Developer/Platforms/MacOSX.platform/Developer/SDKs/MacOSX12.0.sdk/usr/include
 /Applications/Xcode.app/Contents/Developer/Toolchains/XcodeDefault.xctoolchain/usr/include
 /Applications/Xcode.app/Contents/Developer/Platforms/MacOSX.platform/Developer/SDKs/MacOSX12.0.sdk/System/Library/Frameworks (framework directory)
End of search list.
Linking C executable cmTC_88dbe
/usr/local/Cellar/cmake/3.21.4/bin/cmake -E cmake_link_script CMakeFiles/cmTC_88dbe.dir/link.txt --verbose=1
/usr/bin/clang  -isysroot /Applications/Xcode.app/Contents/Developer/Platforms/MacOSX.platform/Developer/SDKs/MacOSX12.0.sdk -mmacosx-version-min=11.6 -Wl,-search_paths_first -Wl,-headerpad_max_install_names  -v -Wl,-v CMakeFiles/cmTC_88dbe.dir/CMakeCCompilerABI.c.o -o cmTC_88dbe 
Apple clang version 13.0.0 (clang-1300.0.29.3)
Target: x86_64-apple-darwin20.6.0
Thread model: posix
InstalledDir: /Applications/Xcode.app/Contents/Developer/Toolchains/XcodeDefault.xctoolchain/usr/bin
 "/Applications/Xcode.app/Contents/Developer/Toolchains/XcodeDefault.xctoolchain/usr/bin/ld" -demangle -lto_library /Applications/Xcode.app/Contents/Developer/Toolchains/XcodeDefault.xctoolchain/usr/lib/libLTO.dylib -dynamic -arch x86_64 -platform_version macos 11.6.0 12.0 -syslibroot /Applications/Xcode.app/Contents/Developer/Platforms/MacOSX.platform/Developer/SDKs/MacOSX12.0.sdk -o cmTC_88dbe -search_paths_first -headerpad_max_install_names -v CMakeFiles/cmTC_88dbe.dir/CMakeCCompilerABI.c.o -lSystem /Applications/Xcode.app/Contents/Developer/Toolchains/XcodeDefault.xctoolchain/usr/lib/clang/13.0.0/lib/darwin/libclang_rt.osx.a
@(#)PROGRAM:ld  PROJECT:ld64-711
BUILD 18:11:15 Aug  3 2021
configured to support archs: armv6 armv7 armv7s arm64 arm64e arm64_32 i386 x86_64 x86_64h armv6m armv7k armv7m armv7em
Library search paths:
	/Applications/Xcode.app/Contents/Developer/Platforms/MacOSX.platform/Developer/SDKs/MacOSX12.0.sdk/usr/lib
Framework search paths:
	/Applications/Xcode.app/Contents/Developer/Platforms/MacOSX.platform/Developer/SDKs/MacOSX12.0.sdk/System/Library/Frameworks/



Parsed C implicit include dir info from above output: rv=done
  found start of include info
  found start of implicit include info
    add: [/Applications/Xcode.app/Contents/Developer/Toolchains/XcodeDefault.xctoolchain/usr/lib/clang/13.0.0/include]
    add: [/Applications/Xcode.app/Contents/Developer/Platforms/MacOSX.platform/Developer/SDKs/MacOSX12.0.sdk/usr/include]
    add: [/Applications/Xcode.app/Contents/Developer/Toolchains/XcodeDefault.xctoolchain/usr/include]
  end of search list found
  collapse include dir [/Applications/Xcode.app/Contents/Developer/Toolchains/XcodeDefault.xctoolchain/usr/lib/clang/13.0.0/include] ==> [/Applications/Xcode.app/Contents/Developer/Toolchains/XcodeDefault.xctoolchain/usr/lib/clang/13.0.0/include]
  collapse include dir [/Applications/Xcode.app/Contents/Developer/Platforms/MacOSX.platform/Developer/SDKs/MacOSX12.0.sdk/usr/include] ==> [/Applications/Xcode.app/Contents/Developer/Platforms/MacOSX.platform/Developer/SDKs/MacOSX12.0.sdk/usr/include]
  collapse include dir [/Applications/Xcode.app/Contents/Developer/Toolchains/XcodeDefault.xctoolchain/usr/include] ==> [/Applications/Xcode.app/Contents/Developer/Toolchains/XcodeDefault.xctoolchain/usr/include]
  implicit include dirs: [/Applications/Xcode.app/Contents/Developer/Toolchains/XcodeDefault.xctoolchain/usr/lib/clang/13.0.0/include;/Applications/Xcode.app/Contents/Developer/Platforms/MacOSX.platform/Developer/SDKs/MacOSX12.0.sdk/usr/include;/Applications/Xcode.app/Contents/Developer/Toolchains/XcodeDefault.xctoolchain/usr/include]


Parsed C implicit link information from above output:
  link line regex: [^( *|.*[/\])(ld|CMAKE_LINK_STARTFILE-NOTFOUND|([^/\]+-)?ld|collect2)[^/\]*( |$)]
  ignore line: [Change Dir: /Users/chendongsheng/github/cds_qr_code/build/CMakeFiles/CMakeTmp]
  ignore line: []
  ignore line: [Run Build Command(s):/usr/bin/make -f Makefile cmTC_88dbe/fast && /Applications/Xcode.app/Contents/Developer/usr/bin/make  -f CMakeFiles/cmTC_88dbe.dir/build.make CMakeFiles/cmTC_88dbe.dir/build]
  ignore line: [Building C object CMakeFiles/cmTC_88dbe.dir/CMakeCCompilerABI.c.o]
  ignore line: [/usr/bin/clang   -isysroot /Applications/Xcode.app/Contents/Developer/Platforms/MacOSX.platform/Developer/SDKs/MacOSX12.0.sdk -mmacosx-version-min=11.6   -v -Wl -v -MD -MT CMakeFiles/cmTC_88dbe.dir/CMakeCCompilerABI.c.o -MF CMakeFiles/cmTC_88dbe.dir/CMakeCCompilerABI.c.o.d -o CMakeFiles/cmTC_88dbe.dir/CMakeCCompilerABI.c.o -c /usr/local/Cellar/cmake/3.21.4/share/cmake/Modules/CMakeCCompilerABI.c]
  ignore line: [Apple clang version 13.0.0 (clang-1300.0.29.3)]
  ignore line: [Target: x86_64-apple-darwin20.6.0]
  ignore line: [Thread model: posix]
  ignore line: [InstalledDir: /Applications/Xcode.app/Contents/Developer/Toolchains/XcodeDefault.xctoolchain/usr/bin]
  ignore line: [clang: warning: -Wl -v: 'linker' input unused [-Wunused-command-line-argument]]
  ignore line: [ "/Applications/Xcode.app/Contents/Developer/Toolchains/XcodeDefault.xctoolchain/usr/bin/clang" -cc1 -triple x86_64-apple-macosx11.6.0 -Wundef-prefix=TARGET_OS_ -Wdeprecated-objc-isa-usage -Werror=deprecated-objc-isa-usage -Werror=implicit-function-declaration -emit-obj -mrelax-all --mrelax-relocations -disable-free -disable-llvm-verifier -discard-value-names -main-file-name CMakeCCompilerABI.c -mrelocation-model pic -pic-level 2 -mframe-pointer=all -fno-strict-return -fno-rounding-math -munwind-tables -target-sdk-version=12.0 -fvisibility-inlines-hidden-static-local-var -target-cpu penryn -tune-cpu generic -debugger-tuning=lldb -target-linker-version 711 -v -resource-dir /Applications/Xcode.app/Contents/Developer/Toolchains/XcodeDefault.xctoolchain/usr/lib/clang/13.0.0 -dependency-file CMakeFiles/cmTC_88dbe.dir/CMakeCCompilerABI.c.o.d -skip-unused-modulemap-deps -MT CMakeFiles/cmTC_88dbe.dir/CMakeCCompilerABI.c.o -sys-header-deps -isysroot /Applications/Xcode.app/Contents/Developer/Platforms/MacOSX.platform/Developer/SDKs/MacOSX12.0.sdk -internal-isystem /Applications/Xcode.app/Contents/Developer/Platforms/MacOSX.platform/Developer/SDKs/MacOSX12.0.sdk/usr/local/include -internal-isystem /Applications/Xcode.app/Contents/Developer/Toolchains/XcodeDefault.xctoolchain/usr/lib/clang/13.0.0/include -internal-externc-isystem /Applications/Xcode.app/Contents/Developer/Platforms/MacOSX.platform/Developer/SDKs/MacOSX12.0.sdk/usr/include -internal-externc-isystem /Applications/Xcode.app/Contents/Developer/Toolchains/XcodeDefault.xctoolchain/usr/include -Wno-reorder-init-list -Wno-implicit-int-float-conversion -Wno-c99-designator -Wno-final-dtor-non-final-class -Wno-extra-semi-stmt -Wno-misleading-indentation -Wno-quoted-include-in-framework-header -Wno-implicit-fallthrough -Wno-enum-enum-conversion -Wno-enum-float-conversion -Wno-elaborated-enum-base -fdebug-compilation-dir /Users/chendongsheng/github/cds_qr_code/build/CMakeFiles/CMakeTmp -ferror-limit 19 -stack-protector 1 -fstack-check -mdarwin-stkchk-strong-link -fblocks -fencode-extended-block-signature -fregister-global-dtors-with-atexit -fgnuc-version=4.2.1 -fmax-type-align=16 -fcommon -clang-vendor-feature=+nullptrToBoolConversion -clang-vendor-feature=+messageToSelfInClassMethodIdReturnType -clang-vendor-feature=+disableInferNewAvailabilityFromInit -clang-vendor-feature=+disableNeonImmediateRangeCheck -clang-vendor-feature=+disableNonDependentMemberExprInCurrentInstantiation -fno-odr-hash-protocols -clang-vendor-feature=+revert09abecef7bbf -mllvm -disable-aligned-alloc-awareness=1 -mllvm -enable-dse-memoryssa=0 -o CMakeFiles/cmTC_88dbe.dir/CMakeCCompilerABI.c.o -x c /usr/local/Cellar/cmake/3.21.4/share/cmake/Modules/CMakeCCompilerABI.c]
  ignore line: [clang -cc1 version 13.0.0 (clang-1300.0.29.3) default target x86_64-apple-darwin20.6.0]
  ignore line: [ignoring nonexistent directory "/Applications/Xcode.app/Contents/Developer/Platforms/MacOSX.platform/Developer/SDKs/MacOSX12.0.sdk/usr/local/include"]
  ignore line: [ignoring nonexistent directory "/Applications/Xcode.app/Contents/Developer/Platforms/MacOSX.platform/Developer/SDKs/MacOSX12.0.sdk/Library/Frameworks"]
  ignore line: [#include "..." search starts here:]
  ignore line: [#include <...> search starts here:]
  ignore line: [ /Applications/Xcode.app/Contents/Developer/Toolchains/XcodeDefault.xctoolchain/usr/lib/clang/13.0.0/include]
  ignore line: [ /Applications/Xcode.app/Contents/Developer/Platforms/MacOSX.platform/Developer/SDKs/MacOSX12.0.sdk/usr/include]
  ignore line: [ /Applications/Xcode.app/Contents/Developer/Toolchains/XcodeDefault.xctoolchain/usr/include]
  ignore line: [ /Applications/Xcode.app/Contents/Developer/Platforms/MacOSX.platform/Developer/SDKs/MacOSX12.0.sdk/System/Library/Frameworks (framework directory)]
  ignore line: [End of search list.]
  ignore line: [Linking C executable cmTC_88dbe]
  ignore line: [/usr/local/Cellar/cmake/3.21.4/bin/cmake -E cmake_link_script CMakeFiles/cmTC_88dbe.dir/link.txt --verbose=1]
  ignore line: [/usr/bin/clang  -isysroot /Applications/Xcode.app/Contents/Developer/Platforms/MacOSX.platform/Developer/SDKs/MacOSX12.0.sdk -mmacosx-version-min=11.6 -Wl -search_paths_first -Wl -headerpad_max_install_names  -v -Wl -v CMakeFiles/cmTC_88dbe.dir/CMakeCCompilerABI.c.o -o cmTC_88dbe ]
  ignore line: [Apple clang version 13.0.0 (clang-1300.0.29.3)]
  ignore line: [Target: x86_64-apple-darwin20.6.0]
  ignore line: [Thread model: posix]
  ignore line: [InstalledDir: /Applications/Xcode.app/Contents/Developer/Toolchains/XcodeDefault.xctoolchain/usr/bin]
  link line: [ "/Applications/Xcode.app/Contents/Developer/Toolchains/XcodeDefault.xctoolchain/usr/bin/ld" -demangle -lto_library /Applications/Xcode.app/Contents/Developer/Toolchains/XcodeDefault.xctoolchain/usr/lib/libLTO.dylib -dynamic -arch x86_64 -platform_version macos 11.6.0 12.0 -syslibroot /Applications/Xcode.app/Contents/Developer/Platforms/MacOSX.platform/Developer/SDKs/MacOSX12.0.sdk -o cmTC_88dbe -search_paths_first -headerpad_max_install_names -v CMakeFiles/cmTC_88dbe.dir/CMakeCCompilerABI.c.o -lSystem /Applications/Xcode.app/Contents/Developer/Toolchains/XcodeDefault.xctoolchain/usr/lib/clang/13.0.0/lib/darwin/libclang_rt.osx.a]
    arg [/Applications/Xcode.app/Contents/Developer/Toolchains/XcodeDefault.xctoolchain/usr/bin/ld] ==> ignore
    arg [-demangle] ==> ignore
    arg [-lto_library] ==> ignore, skip following value
    arg [/Applications/Xcode.app/Contents/Developer/Toolchains/XcodeDefault.xctoolchain/usr/lib/libLTO.dylib] ==> skip value of -lto_library
    arg [-dynamic] ==> ignore
    arg [-arch] ==> ignore
    arg [x86_64] ==> ignore
    arg [-platform_version] ==> ignore
    arg [macos] ==> ignore
    arg [11.6.0] ==> ignore
    arg [12.0] ==> ignore
    arg [-syslibroot] ==> ignore
    arg [/Applications/Xcode.app/Contents/Developer/Platforms/MacOSX.platform/Developer/SDKs/MacOSX12.0.sdk] ==> ignore
    arg [-o] ==> ignore
    arg [cmTC_88dbe] ==> ignore
    arg [-search_paths_first] ==> ignore
    arg [-headerpad_max_install_names] ==> ignore
    arg [-v] ==> ignore
    arg [CMakeFiles/cmTC_88dbe.dir/CMakeCCompilerABI.c.o] ==> ignore
    arg [-lSystem] ==> lib [System]
    arg [/Applications/Xcode.app/Contents/Developer/Toolchains/XcodeDefault.xctoolchain/usr/lib/clang/13.0.0/lib/darwin/libclang_rt.osx.a] ==> lib [/Applications/Xcode.app/Contents/Developer/Toolchains/XcodeDefault.xctoolchain/usr/lib/clang/13.0.0/lib/darwin/libclang_rt.osx.a]
  Library search paths: [;/Applications/Xcode.app/Contents/Developer/Platforms/MacOSX.platform/Developer/SDKs/MacOSX12.0.sdk/usr/lib]
  Framework search paths: [;/Applications/Xcode.app/Contents/Developer/Platforms/MacOSX.platform/Developer/SDKs/MacOSX12.0.sdk/System/Library/Frameworks/]
  remove lib [System]
  remove lib [/Applications/Xcode.app/Contents/Developer/Toolchains/XcodeDefault.xctoolchain/usr/lib/clang/13.0.0/lib/darwin/libclang_rt.osx.a]
  collapse library dir [/Applications/Xcode.app/Contents/Developer/Platforms/MacOSX.platform/Developer/SDKs/MacOSX12.0.sdk/usr/lib] ==> [/Applications/Xcode.app/Contents/Developer/Platforms/MacOSX.platform/Developer/SDKs/MacOSX12.0.sdk/usr/lib]
  collapse framework dir [/Applications/Xcode.app/Contents/Developer/Platforms/MacOSX.platform/Developer/SDKs/MacOSX12.0.sdk/System/Library/Frameworks/] ==> [/Applications/Xcode.app/Contents/Developer/Platforms/MacOSX.platform/Developer/SDKs/MacOSX12.0.sdk/System/Library/Frameworks]
  implicit libs: []
  implicit objs: []
  implicit dirs: [/Applications/Xcode.app/Contents/Developer/Platforms/MacOSX.platform/Developer/SDKs/MacOSX12.0.sdk/usr/lib]
  implicit fwks: [/Applications/Xcode.app/Contents/Developer/Platforms/MacOSX.platform/Developer/SDKs/MacOSX12.0.sdk/System/Library/Frameworks]


Detecting CXX compiler ABI info compiled with the following output:
Change Dir: /Users/chendongsheng/github/cds_qr_code/build/CMakeFiles/CMakeTmp

Run Build Command(s):/usr/bin/make -f Makefile cmTC_957d7/fast && /Applications/Xcode.app/Contents/Developer/usr/bin/make  -f CMakeFiles/cmTC_957d7.dir/build.make CMakeFiles/cmTC_957d7.dir/build
Building CXX object CMakeFiles/cmTC_957d7.dir/CMakeCXXCompilerABI.cpp.o
/usr/bin/clang++   -isysroot /Applications/Xcode.app/Contents/Developer/Platforms/MacOSX.platform/Developer/SDKs/MacOSX12.0.sdk -mmacosx-version-min=11.6   -v -Wl,-v -MD -MT CMakeFiles/cmTC_957d7.dir/CMakeCXXCompilerABI.cpp.o -MF CMakeFiles/cmTC_957d7.dir/CMakeCXXCompilerABI.cpp.o.d -o CMakeFiles/cmTC_957d7.dir/CMakeCXXCompilerABI.cpp.o -c /usr/local/Cellar/cmake/3.21.4/share/cmake/Modules/CMakeCXXCompilerABI.cpp
Apple clang version 13.0.0 (clang-1300.0.29.3)
Target: x86_64-apple-darwin20.6.0
Thread model: posix
InstalledDir: /Applications/Xcode.app/Contents/Developer/Toolchains/XcodeDefault.xctoolchain/usr/bin
clang: warning: -Wl,-v: 'linker' input unused [-Wunused-command-line-argument]
 "/Applications/Xcode.app/Contents/Developer/Toolchains/XcodeDefault.xctoolchain/usr/bin/clang" -cc1 -triple x86_64-apple-macosx11.6.0 -Wundef-prefix=TARGET_OS_ -Wdeprecated-objc-isa-usage -Werror=deprecated-objc-isa-usage -Werror=implicit-function-declaration -emit-obj -mrelax-all --mrelax-relocations -disable-free -disable-llvm-verifier -discard-value-names -main-file-name CMakeCXXCompilerABI.cpp -mrelocation-model pic -pic-level 2 -mframe-pointer=all -fno-strict-return -fno-rounding-math -munwind-tables -target-sdk-version=12.0 -fvisibility-inlines-hidden-static-local-var -target-cpu penryn -tune-cpu generic -debugger-tuning=lldb -target-linker-version 711 -v -resource-dir /Applications/Xcode.app/Contents/Developer/Toolchains/XcodeDefault.xctoolchain/usr/lib/clang/13.0.0 -dependency-file CMakeFiles/cmTC_957d7.dir/CMakeCXXCompilerABI.cpp.o.d -skip-unused-modulemap-deps -MT CMakeFiles/cmTC_957d7.dir/CMakeCXXCompilerABI.cpp.o -sys-header-deps -isysroot /Applications/Xcode.app/Contents/Developer/Platforms/MacOSX.platform/Developer/SDKs/MacOSX12.0.sdk -stdlib=libc++ -internal-isystem /Applications/Xcode.app/Contents/Developer/Platforms/MacOSX.platform/Developer/SDKs/MacOSX12.0.sdk/usr/include/c++/v1 -internal-isystem /Applications/Xcode.app/Contents/Developer/Platforms/MacOSX.platform/Developer/SDKs/MacOSX12.0.sdk/usr/local/include -internal-isystem /Applications/Xcode.app/Contents/Developer/Toolchains/XcodeDefault.xctoolchain/usr/lib/clang/13.0.0/include -internal-externc-isystem /Applications/Xcode.app/Contents/Developer/Platforms/MacOSX.platform/Developer/SDKs/MacOSX12.0.sdk/usr/include -internal-externc-isystem /Applications/Xcode.app/Contents/Developer/Toolchains/XcodeDefault.xctoolchain/usr/include -Wno-reorder-init-list -Wno-implicit-int-float-conversion -Wno-c99-designator -Wno-final-dtor-non-final-class -Wno-extra-semi-stmt -Wno-misleading-indentation -Wno-quoted-include-in-framework-header -Wno-implicit-fallthrough -Wno-enum-enum-conversion -Wno-enum-float-conversion -Wno-elaborated-enum-base -fdeprecated-macro -fdebug-compilation-dir /Users/chendongsheng/github/cds_qr_code/build/CMakeFiles/CMakeTmp -ferror-limit 19 -stack-protector 1 -fstack-check -mdarwin-stkchk-strong-link -fblocks -fencode-extended-block-signature -fregister-global-dtors-with-atexit -fgnuc-version=4.2.1 -fno-cxx-modules -fcxx-exceptions -fexceptions -fmax-type-align=16 -fcommon -clang-vendor-feature=+nullptrToBoolConversion -clang-vendor-feature=+messageToSelfInClassMethodIdReturnType -clang-vendor-feature=+disableInferNewAvailabilityFromInit -clang-vendor-feature=+disableNeonImmediateRangeCheck -clang-vendor-feature=+disableNonDependentMemberExprInCurrentInstantiation -fno-odr-hash-protocols -clang-vendor-feature=+revert09abecef7bbf -mllvm -disable-aligned-alloc-awareness=1 -mllvm -enable-dse-memoryssa=0 -o CMakeFiles/cmTC_957d7.dir/CMakeCXXCompilerABI.cpp.o -x c++ /usr/local/Cellar/cmake/3.21.4/share/cmake/Modules/CMakeCXXCompilerABI.cpp
clang -cc1 version 13.0.0 (clang-1300.0.29.3) default target x86_64-apple-darwin20.6.0
ignoring nonexistent directory "/Applications/Xcode.app/Contents/Developer/Platforms/MacOSX.platform/Developer/SDKs/MacOSX12.0.sdk/usr/local/include"
ignoring nonexistent directory "/Applications/Xcode.app/Contents/Developer/Platforms/MacOSX.platform/Developer/SDKs/MacOSX12.0.sdk/Library/Frameworks"
#include "..." search starts here:
#include <...> search starts here:
 /Applications/Xcode.app/Contents/Developer/Platforms/MacOSX.platform/Developer/SDKs/MacOSX12.0.sdk/usr/include/c++/v1
 /Applications/Xcode.app/Contents/Developer/Toolchains/XcodeDefault.xctoolchain/usr/lib/clang/13.0.0/include
 /Applications/Xcode.app/Contents/Developer/Platforms/MacOSX.platform/Developer/SDKs/MacOSX12.0.sdk/usr/include
 /Applications/Xcode.app/Contents/Developer/Toolchains/XcodeDefault.xctoolchain/usr/include
 /Applications/Xcode.app/Contents/Developer/Platforms/MacOSX.platform/Developer/SDKs/MacOSX12.0.sdk/System/Library/Frameworks (framework directory)
End of search list.
Linking CXX executable cmTC_957d7
/usr/local/Cellar/cmake/3.21.4/bin/cmake -E cmake_link_script CMakeFiles/cmTC_957d7.dir/link.txt --verbose=1
/usr/bin/clang++  -isysroot /Applications/Xcode.app/Contents/Developer/Platforms/MacOSX.platform/Developer/SDKs/MacOSX12.0.sdk -mmacosx-version-min=11.6 -Wl,-search_paths_first -Wl,-headerpad_max_install_names  -v -Wl,-v CMakeFiles/cmTC_957d7.dir/CMakeCXXCompilerABI.cpp.o -o cmTC_957d7 
Apple clang version 13.0.0 (clang-1300.0.29.3)
Target: x86_64-apple-darwin20.6.0
Thread model: posix
InstalledDir: /Applications/Xcode.app/Contents/Developer/Toolchains/XcodeDefault.xctoolchain/usr/bin
 "/Applications/Xcode.app/Contents/Developer/Toolchains/XcodeDefault.xctoolchain/usr/bin/ld" -demangle -lto_library /Applications/Xcode.app/Contents/Developer/Toolchains/XcodeDefault.xctoolchain/usr/lib/libLTO.dylib -dynamic -arch x86_64 -platform_version macos 11.6.0 12.0 -syslibroot /Applications/Xcode.app/Contents/Developer/Platforms/MacOSX.platform/Developer/SDKs/MacOSX12.0.sdk -o cmTC_957d7 -search_paths_first -headerpad_max_install_names -v CMakeFiles/cmTC_957d7.dir/CMakeCXXCompilerABI.cpp.o -lc++ -lSystem /Applications/Xcode.app/Contents/Developer/Toolchains/XcodeDefault.xctoolchain/usr/lib/clang/13.0.0/lib/darwin/libclang_rt.osx.a
@(#)PROGRAM:ld  PROJECT:ld64-711
BUILD 18:11:15 Aug  3 2021
configured to support archs: armv6 armv7 armv7s arm64 arm64e arm64_32 i386 x86_64 x86_64h armv6m armv7k armv7m armv7em
Library search paths:
	/Applications/Xcode.app/Contents/Developer/Platforms/MacOSX.platform/Developer/SDKs/MacOSX12.0.sdk/usr/lib
Framework search paths:
	/Applications/Xcode.app/Contents/Developer/Platforms/MacOSX.platform/Developer/SDKs/MacOSX12.0.sdk/System/Library/Frameworks/



Parsed CXX implicit include dir info from above output: rv=done
  found start of include info
  found start of implicit include info
    add: [/Applications/Xcode.app/Contents/Developer/Platforms/MacOSX.platform/Developer/SDKs/MacOSX12.0.sdk/usr/include/c++/v1]
    add: [/Applications/Xcode.app/Contents/Developer/Toolchains/XcodeDefault.xctoolchain/usr/lib/clang/13.0.0/include]
    add: [/Applications/Xcode.app/Contents/Developer/Platforms/MacOSX.platform/Developer/SDKs/MacOSX12.0.sdk/usr/include]
    add: [/Applications/Xcode.app/Contents/Developer/Toolchains/XcodeDefault.xctoolchain/usr/include]
  end of search list found
  collapse include dir [/Applications/Xcode.app/Contents/Developer/Platforms/MacOSX.platform/Developer/SDKs/MacOSX12.0.sdk/usr/include/c++/v1] ==> [/Applications/Xcode.app/Contents/Developer/Platforms/MacOSX.platform/Developer/SDKs/MacOSX12.0.sdk/usr/include/c++/v1]
  collapse include dir [/Applications/Xcode.app/Contents/Developer/Toolchains/XcodeDefault.xctoolchain/usr/lib/clang/13.0.0/include] ==> [/Applications/Xcode.app/Contents/Developer/Toolchains/XcodeDefault.xctoolchain/usr/lib/clang/13.0.0/include]
  collapse include dir [/Applications/Xcode.app/Contents/Developer/Platforms/MacOSX.platform/Developer/SDKs/MacOSX12.0.sdk/usr/include] ==> [/Applications/Xcode.app/Contents/Developer/Platforms/MacOSX.platform/Developer/SDKs/MacOSX12.0.sdk/usr/include]
  collapse include dir [/Applications/Xcode.app/Contents/Developer/Toolchains/XcodeDefault.xctoolchain/usr/include] ==> [/Applications/Xcode.app/Contents/Developer/Toolchains/XcodeDefault.xctoolchain/usr/include]
  implicit include dirs: [/Applications/Xcode.app/Contents/Developer/Platforms/MacOSX.platform/Developer/SDKs/MacOSX12.0.sdk/usr/include/c++/v1;/Applications/Xcode.app/Contents/Developer/Toolchains/XcodeDefault.xctoolchain/usr/lib/clang/13.0.0/include;/Applications/Xcode.app/Contents/Developer/Platforms/MacOSX.platform/Developer/SDKs/MacOSX12.0.sdk/usr/include;/Applications/Xcode.app/Contents/Developer/Toolchains/XcodeDefault.xctoolchain/usr/include]


Parsed CXX implicit link information from above output:
  link line regex: [^( *|.*[/\])(ld|CMAKE_LINK_STARTFILE-NOTFOUND|([^/\]+-)?ld|collect2)[^/\]*( |$)]
  ignore line: [Change Dir: /Users/chendongsheng/github/cds_qr_code/build/CMakeFiles/CMakeTmp]
  ignore line: []
  ignore line: [Run Build Command(s):/usr/bin/make -f Makefile cmTC_957d7/fast && /Applications/Xcode.app/Contents/Developer/usr/bin/make  -f CMakeFiles/cmTC_957d7.dir/build.make CMakeFiles/cmTC_957d7.dir/build]
  ignore line: [Building CXX object CMakeFiles/cmTC_957d7.dir/CMakeCXXCompilerABI.cpp.o]
  ignore line: [/usr/bin/clang++   -isysroot /Applications/Xcode.app/Contents/Developer/Platforms/MacOSX.platform/Developer/SDKs/MacOSX12.0.sdk -mmacosx-version-min=11.6   -v -Wl -v -MD -MT CMakeFiles/cmTC_957d7.dir/CMakeCXXCompilerABI.cpp.o -MF CMakeFiles/cmTC_957d7.dir/CMakeCXXCompilerABI.cpp.o.d -o CMakeFiles/cmTC_957d7.dir/CMakeCXXCompilerABI.cpp.o -c /usr/local/Cellar/cmake/3.21.4/share/cmake/Modules/CMakeCXXCompilerABI.cpp]
  ignore line: [Apple clang version 13.0.0 (clang-1300.0.29.3)]
  ignore line: [Target: x86_64-apple-darwin20.6.0]
  ignore line: [Thread model: posix]
  ignore line: [InstalledDir: /Applications/Xcode.app/Contents/Developer/Toolchains/XcodeDefault.xctoolchain/usr/bin]
  ignore line: [clang: warning: -Wl -v: 'linker' input unused [-Wunused-command-line-argument]]
  ignore line: [ "/Applications/Xcode.app/Contents/Developer/Toolchains/XcodeDefault.xctoolchain/usr/bin/clang" -cc1 -triple x86_64-apple-macosx11.6.0 -Wundef-prefix=TARGET_OS_ -Wdeprecated-objc-isa-usage -Werror=deprecated-objc-isa-usage -Werror=implicit-function-declaration -emit-obj -mrelax-all --mrelax-relocations -disable-free -disable-llvm-verifier -discard-value-names -main-file-name CMakeCXXCompilerABI.cpp -mrelocation-model pic -pic-level 2 -mframe-pointer=all -fno-strict-return -fno-rounding-math -munwind-tables -target-sdk-version=12.0 -fvisibility-inlines-hidden-static-local-var -target-cpu penryn -tune-cpu generic -debugger-tuning=lldb -target-linker-version 711 -v -resource-dir /Applications/Xcode.app/Contents/Developer/Toolchains/XcodeDefault.xctoolchain/usr/lib/clang/13.0.0 -dependency-file CMakeFiles/cmTC_957d7.dir/CMakeCXXCompilerABI.cpp.o.d -skip-unused-modulemap-deps -MT CMakeFiles/cmTC_957d7.dir/CMakeCXXCompilerABI.cpp.o -sys-header-deps -isysroot /Applications/Xcode.app/Contents/Developer/Platforms/MacOSX.platform/Developer/SDKs/MacOSX12.0.sdk -stdlib=libc++ -internal-isystem /Applications/Xcode.app/Contents/Developer/Platforms/MacOSX.platform/Developer/SDKs/MacOSX12.0.sdk/usr/include/c++/v1 -internal-isystem /Applications/Xcode.app/Contents/Developer/Platforms/MacOSX.platform/Developer/SDKs/MacOSX12.0.sdk/usr/local/include -internal-isystem /Applications/Xcode.app/Contents/Developer/Toolchains/XcodeDefault.xctoolchain/usr/lib/clang/13.0.0/include -internal-externc-isystem /Applications/Xcode.app/Contents/Developer/Platforms/MacOSX.platform/Developer/SDKs/MacOSX12.0.sdk/usr/include -internal-externc-isystem /Applications/Xcode.app/Contents/Developer/Toolchains/XcodeDefault.xctoolchain/usr/include -Wno-reorder-init-list -Wno-implicit-int-float-conversion -Wno-c99-designator -Wno-final-dtor-non-final-class -Wno-extra-semi-stmt -Wno-misleading-indentation -Wno-quoted-include-in-framework-header -Wno-implicit-fallthrough -Wno-enum-enum-conversion -Wno-enum-float-conversion -Wno-elaborated-enum-base -fdeprecated-macro -fdebug-compilation-dir /Users/chendongsheng/github/cds_qr_code/build/CMakeFiles/CMakeTmp -ferror-limit 19 -stack-protector 1 -fstack-check -mdarwin-stkchk-strong-link -fblocks -fencode-extended-block-signature -fregister-global-dtors-with-atexit -fgnuc-version=4.2.1 -fno-cxx-modules -fcxx-exceptions -fexceptions -fmax-type-align=16 -fcommon -clang-vendor-feature=+nullptrToBoolConversion -clang-vendor-feature=+messageToSelfInClassMethodIdReturnType -clang-vendor-feature=+disableInferNewAvailabilityFromInit -clang-vendor-feature=+disableNeonImmediateRangeCheck -clang-vendor-feature=+disableNonDependentMemberExprInCurrentInstantiation -fno-odr-hash-protocols -clang-vendor-feature=+revert09abecef7bbf -mllvm -disable-aligned-alloc-awareness=1 -mllvm -enable-dse-memoryssa=0 -o CMakeFiles/cmTC_957d7.dir/CMakeCXXCompilerABI.cpp.o -x c++ /usr/local/Cellar/cmake/3.21.4/share/cmake/Modules/CMakeCXXCompilerABI.cpp]
  ignore line: [clang -cc1 version 13.0.0 (clang-1300.0.29.3) default target x86_64-apple-darwin20.6.0]
  ignore line: [ignoring nonexistent directory "/Applications/Xcode.app/Contents/Developer/Platforms/MacOSX.platform/Developer/SDKs/MacOSX12.0.sdk/usr/local/include"]
  ignore line: [ignoring nonexistent directory "/Applications/Xcode.app/Contents/Developer/Platforms/MacOSX.platform/Developer/SDKs/MacOSX12.0.sdk/Library/Frameworks"]
  ignore line: [#include "..." search starts here:]
  ignore line: [#include <...> search starts here:]
  ignore line: [ /Applications/Xcode.app/Contents/Developer/Platforms/MacOSX.platform/Developer/SDKs/MacOSX12.0.sdk/usr/include/c++/v1]
  ignore line: [ /Applications/Xcode.app/Contents/Developer/Toolchains/XcodeDefault.xctoolchain/usr/lib/clang/13.0.0/include]
  ignore line: [ /Applications/Xcode.app/Contents/Developer/Platforms/MacOSX.platform/Developer/SDKs/MacOSX12.0.sdk/usr/include]
  ignore line: [ /Applications/Xcode.app/Contents/Developer/Toolchains/XcodeDefault.xctoolchain/usr/include]
  ignore line: [ /Applications/Xcode.app/Contents/Developer/Platforms/MacOSX.platform/Developer/SDKs/MacOSX12.0.sdk/System/Library/Frameworks (framework directory)]
  ignore line: [End of search list.]
  ignore line: [Linking CXX executable cmTC_957d7]
  ignore line: [/usr/local/Cellar/cmake/3.21.4/bin/cmake -E cmake_link_script CMakeFiles/cmTC_957d7.dir/link.txt --verbose=1]
  ignore line: [/usr/bin/clang++  -isysroot /Applications/Xcode.app/Contents/Developer/Platforms/MacOSX.platform/Developer/SDKs/MacOSX12.0.sdk -mmacosx-version-min=11.6 -Wl -search_paths_first -Wl -headerpad_max_install_names  -v -Wl -v CMakeFiles/cmTC_957d7.dir/CMakeCXXCompilerABI.cpp.o -o cmTC_957d7 ]
  ignore line: [Apple clang version 13.0.0 (clang-1300.0.29.3)]
  ignore line: [Target: x86_64-apple-darwin20.6.0]
  ignore line: [Thread model: posix]
  ignore line: [InstalledDir: /Applications/Xcode.app/Contents/Developer/Toolchains/XcodeDefault.xctoolchain/usr/bin]
  link line: [ "/Applications/Xcode.app/Contents/Developer/Toolchains/XcodeDefault.xctoolchain/usr/bin/ld" -demangle -lto_library /Applications/Xcode.app/Contents/Developer/Toolchains/XcodeDefault.xctoolchain/usr/lib/libLTO.dylib -dynamic -arch x86_64 -platform_version macos 11.6.0 12.0 -syslibroot /Applications/Xcode.app/Contents/Developer/Platforms/MacOSX.platform/Developer/SDKs/MacOSX12.0.sdk -o cmTC_957d7 -search_paths_first -headerpad_max_install_names -v CMakeFiles/cmTC_957d7.dir/CMakeCXXCompilerABI.cpp.o -lc++ -lSystem /Applications/Xcode.app/Contents/Developer/Toolchains/XcodeDefault.xctoolchain/usr/lib/clang/13.0.0/lib/darwin/libclang_rt.osx.a]
    arg [/Applications/Xcode.app/Contents/Developer/Toolchains/XcodeDefault.xctoolchain/usr/bin/ld] ==> ignore
    arg [-demangle] ==> ignore
    arg [-lto_library] ==> ignore, skip following value
    arg [/Applications/Xcode.app/Contents/Developer/Toolchains/XcodeDefault.xctoolchain/usr/lib/libLTO.dylib] ==> skip value of -lto_library
    arg [-dynamic] ==> ignore
    arg [-arch] ==> ignore
    arg [x86_64] ==> ignore
    arg [-platform_version] ==> ignore
    arg [macos] ==> ignore
    arg [11.6.0] ==> ignore
    arg [12.0] ==> ignore
    arg [-syslibroot] ==> ignore
    arg [/Applications/Xcode.app/Contents/Developer/Platforms/MacOSX.platform/Developer/SDKs/MacOSX12.0.sdk] ==> ignore
    arg [-o] ==> ignore
    arg [cmTC_957d7] ==> ignore
    arg [-search_paths_first] ==> ignore
    arg [-headerpad_max_install_names] ==> ignore
    arg [-v] ==> ignore
    arg [CMakeFiles/cmTC_957d7.dir/CMakeCXXCompilerABI.cpp.o] ==> ignore
    arg [-lc++] ==> lib [c++]
    arg [-lSystem] ==> lib [System]
    arg [/Applications/Xcode.app/Contents/Developer/Toolchains/XcodeDefault.xctoolchain/usr/lib/clang/13.0.0/lib/darwin/libclang_rt.osx.a] ==> lib [/Applications/Xcode.app/Contents/Developer/Toolchains/XcodeDefault.xctoolchain/usr/lib/clang/13.0.0/lib/darwin/libclang_rt.osx.a]
  Library search paths: [;/Applications/Xcode.app/Contents/Developer/Platforms/MacOSX.platform/Developer/SDKs/MacOSX12.0.sdk/usr/lib]
  Framework search paths: [;/Applications/Xcode.app/Contents/Developer/Platforms/MacOSX.platform/Developer/SDKs/MacOSX12.0.sdk/System/Library/Frameworks/]
  remove lib [System]
  remove lib [/Applications/Xcode.app/Contents/Developer/Toolchains/XcodeDefault.xctoolchain/usr/lib/clang/13.0.0/lib/darwin/libclang_rt.osx.a]
  collapse library dir [/Applications/Xcode.app/Contents/Developer/Platforms/MacOSX.platform/Developer/SDKs/MacOSX12.0.sdk/usr/lib] ==> [/Applications/Xcode.app/Contents/Developer/Platforms/MacOSX.platform/Developer/SDKs/MacOSX12.0.sdk/usr/lib]
  collapse framework dir [/Applications/Xcode.app/Contents/Developer/Platforms/MacOSX.platform/Developer/SDKs/MacOSX12.0.sdk/System/Library/Frameworks/] ==> [/Applications/Xcode.app/Contents/Developer/Platforms/MacOSX.platform/Developer/SDKs/MacOSX12.0.sdk/System/Library/Frameworks]
  implicit libs: [c++]
  implicit objs: []
  implicit dirs: [/Applications/Xcode.app/Contents/Developer/Platforms/MacOSX.platform/Developer/SDKs/MacOSX12.0.sdk/usr/lib]
  implicit fwks: [/Applications/Xcode.app/Contents/Developer/Platforms/MacOSX.platform/Developer/SDKs/MacOSX12.0.sdk/System/Library/Frameworks]


Determining if the include file pthread.h exists passed with the following output:
Change Dir: /Users/chendongsheng/github/cds_qr_code/build/CMakeFiles/CMakeTmp

Run Build Command(s):/usr/bin/make -f Makefile cmTC_6032a/fast && /Applications/Xcode.app/Contents/Developer/usr/bin/make  -f CMakeFiles/cmTC_6032a.dir/build.make CMakeFiles/cmTC_6032a.dir/build
Building C object CMakeFiles/cmTC_6032a.dir/CheckIncludeFile.c.o
/usr/bin/clang   -isysroot /Applications/Xcode.app/Contents/Developer/Platforms/MacOSX.platform/Developer/SDKs/MacOSX12.0.sdk -mmacosx-version-min=11.6 -MD -MT CMakeFiles/cmTC_6032a.dir/CheckIncludeFile.c.o -MF CMakeFiles/cmTC_6032a.dir/CheckIncludeFile.c.o.d -o CMakeFiles/cmTC_6032a.dir/CheckIncludeFile.c.o -c /Users/chendongsheng/github/cds_qr_code/build/CMakeFiles/CMakeTmp/CheckIncludeFile.c
Linking C executable cmTC_6032a
/usr/local/Cellar/cmake/3.21.4/bin/cmake -E cmake_link_script CMakeFiles/cmTC_6032a.dir/link.txt --verbose=1
/usr/bin/clang  -isysroot /Applications/Xcode.app/Contents/Developer/Platforms/MacOSX.platform/Developer/SDKs/MacOSX12.0.sdk -mmacosx-version-min=11.6 -Wl,-search_paths_first -Wl,-headerpad_max_install_names CMakeFiles/cmTC_6032a.dir/CheckIncludeFile.c.o -o cmTC_6032a 



Performing C SOURCE FILE Test CMAKE_HAVE_LIBC_PTHREAD succeeded with the following output:
Change Dir: /Users/chendongsheng/github/cds_qr_code/build/CMakeFiles/CMakeTmp

Run Build Command(s):/usr/bin/make -f Makefile cmTC_f0c6f/fast && /Applications/Xcode.app/Contents/Developer/usr/bin/make  -f CMakeFiles/cmTC_f0c6f.dir/build.make CMakeFiles/cmTC_f0c6f.dir/build
Building C object CMakeFiles/cmTC_f0c6f.dir/src.c.o
/usr/bin/clang -DCMAKE_HAVE_LIBC_PTHREAD  -isysroot /Applications/Xcode.app/Contents/Developer/Platforms/MacOSX.platform/Developer/SDKs/MacOSX12.0.sdk -mmacosx-version-min=11.6 -MD -MT CMakeFiles/cmTC_f0c6f.dir/src.c.o -MF CMakeFiles/cmTC_f0c6f.dir/src.c.o.d -o CMakeFiles/cmTC_f0c6f.dir/src.c.o -c /Users/chendongsheng/github/cds_qr_code/build/CMakeFiles/CMakeTmp/src.c
Linking C executable cmTC_f0c6f
/usr/local/Cellar/cmake/3.21.4/bin/cmake -E cmake_link_script CMakeFiles/cmTC_f0c6f.dir/link.txt --verbose=1
/usr/bin/clang  -isysroot /Applications/Xcode.app/Contents/Developer/Platforms/MacOSX.platform/Developer/SDKs/MacOSX12.0.sdk -mmacosx-version-min=11.6 -Wl,-search_paths_first -Wl,-headerpad_max_install_names CMakeFiles/cmTC_f0c6f.dir/src.c.o -o cmTC_f0c6f 


Source file was:
#include <pthread.h>

static void* test_func(void* data)
{
  return data;
}

int main(void)
{
  pthread_t thread;
  pthread_create(&thread, NULL, test_func, NULL);
  pthread_detach(thread);
  pthread_cancel(thread);
  pthread_join(thread, NULL);
  pthread_atfork(NULL, NULL, NULL);
  pthread_exit(NULL);

  return 0;
}

Determining if the include file dlfcn.h exists passed with the following output:
Change Dir: /Users/chendongsheng/github/cds_qr_code/build/CMakeFiles/CMakeTmp

Run Build Command(s):/usr/bin/make -f Makefile cmTC_00b6d/fast && /Applications/Xcode.app/Contents/Developer/usr/bin/make  -f CMakeFiles/cmTC_00b6d.dir/build.make CMakeFiles/cmTC_00b6d.dir/build
Building C object CMakeFiles/cmTC_00b6d.dir/CheckIncludeFile.c.o
/usr/bin/clang   -isysroot /Applications/Xcode.app/Contents/Developer/Platforms/MacOSX.platform/Developer/SDKs/MacOSX12.0.sdk -mmacosx-version-min=11.6 -MD -MT CMakeFiles/cmTC_00b6d.dir/CheckIncludeFile.c.o -MF CMakeFiles/cmTC_00b6d.dir/CheckIncludeFile.c.o.d -o CMakeFiles/cmTC_00b6d.dir/CheckIncludeFile.c.o -c /Users/chendongsheng/github/cds_qr_code/build/CMakeFiles/CMakeTmp/CheckIncludeFile.c
Linking C executable cmTC_00b6d
/usr/local/Cellar/cmake/3.21.4/bin/cmake -E cmake_link_script CMakeFiles/cmTC_00b6d.dir/link.txt --verbose=1
/usr/bin/clang  -isysroot /Applications/Xcode.app/Contents/Developer/Platforms/MacOSX.platform/Developer/SDKs/MacOSX12.0.sdk -mmacosx-version-min=11.6 -Wl,-search_paths_first -Wl,-headerpad_max_install_names CMakeFiles/cmTC_00b6d.dir/CheckIncludeFile.c.o -o cmTC_00b6d 



Determining if the include file inttypes.h exists passed with the following output:
Change Dir: /Users/chendongsheng/github/cds_qr_code/build/CMakeFiles/CMakeTmp

Run Build Command(s):/usr/bin/make -f Makefile cmTC_60181/fast && /Applications/Xcode.app/Contents/Developer/usr/bin/make  -f CMakeFiles/cmTC_60181.dir/build.make CMakeFiles/cmTC_60181.dir/build
Building C object CMakeFiles/cmTC_60181.dir/CheckIncludeFile.c.o
/usr/bin/clang   -isysroot /Applications/Xcode.app/Contents/Developer/Platforms/MacOSX.platform/Developer/SDKs/MacOSX12.0.sdk -mmacosx-version-min=11.6 -MD -MT CMakeFiles/cmTC_60181.dir/CheckIncludeFile.c.o -MF CMakeFiles/cmTC_60181.dir/CheckIncludeFile.c.o.d -o CMakeFiles/cmTC_60181.dir/CheckIncludeFile.c.o -c /Users/chendongsheng/github/cds_qr_code/build/CMakeFiles/CMakeTmp/CheckIncludeFile.c
Linking C executable cmTC_60181
/usr/local/Cellar/cmake/3.21.4/bin/cmake -E cmake_link_script CMakeFiles/cmTC_60181.dir/link.txt --verbose=1
/usr/bin/clang  -isysroot /Applications/Xcode.app/Contents/Developer/Platforms/MacOSX.platform/Developer/SDKs/MacOSX12.0.sdk -mmacosx-version-min=11.6 -Wl,-search_paths_first -Wl,-headerpad_max_install_names CMakeFiles/cmTC_60181.dir/CheckIncludeFile.c.o -o cmTC_60181 



Determining if the include file memory.h exists passed with the following output:
Change Dir: /Users/chendongsheng/github/cds_qr_code/build/CMakeFiles/CMakeTmp

Run Build Command(s):/usr/bin/make -f Makefile cmTC_4aeff/fast && /Applications/Xcode.app/Contents/Developer/usr/bin/make  -f CMakeFiles/cmTC_4aeff.dir/build.make CMakeFiles/cmTC_4aeff.dir/build
Building C object CMakeFiles/cmTC_4aeff.dir/CheckIncludeFile.c.o
/usr/bin/clang   -isysroot /Applications/Xcode.app/Contents/Developer/Platforms/MacOSX.platform/Developer/SDKs/MacOSX12.0.sdk -mmacosx-version-min=11.6 -MD -MT CMakeFiles/cmTC_4aeff.dir/CheckIncludeFile.c.o -MF CMakeFiles/cmTC_4aeff.dir/CheckIncludeFile.c.o.d -o CMakeFiles/cmTC_4aeff.dir/CheckIncludeFile.c.o -c /Users/chendongsheng/github/cds_qr_code/build/CMakeFiles/CMakeTmp/CheckIncludeFile.c
Linking C executable cmTC_4aeff
/usr/local/Cellar/cmake/3.21.4/bin/cmake -E cmake_link_script CMakeFiles/cmTC_4aeff.dir/link.txt --verbose=1
/usr/bin/clang  -isysroot /Applications/Xcode.app/Contents/Developer/Platforms/MacOSX.platform/Developer/SDKs/MacOSX12.0.sdk -mmacosx-version-min=11.6 -Wl,-search_paths_first -Wl,-headerpad_max_install_names CMakeFiles/cmTC_4aeff.dir/CheckIncludeFile.c.o -o cmTC_4aeff 



Determining if the include file stdint.h exists passed with the following output:
Change Dir: /Users/chendongsheng/github/cds_qr_code/build/CMakeFiles/CMakeTmp

Run Build Command(s):/usr/bin/make -f Makefile cmTC_3b710/fast && /Applications/Xcode.app/Contents/Developer/usr/bin/make  -f CMakeFiles/cmTC_3b710.dir/build.make CMakeFiles/cmTC_3b710.dir/build
Building C object CMakeFiles/cmTC_3b710.dir/CheckIncludeFile.c.o
/usr/bin/clang   -isysroot /Applications/Xcode.app/Contents/Developer/Platforms/MacOSX.platform/Developer/SDKs/MacOSX12.0.sdk -mmacosx-version-min=11.6 -MD -MT CMakeFiles/cmTC_3b710.dir/CheckIncludeFile.c.o -MF CMakeFiles/cmTC_3b710.dir/CheckIncludeFile.c.o.d -o CMakeFiles/cmTC_3b710.dir/CheckIncludeFile.c.o -c /Users/chendongsheng/github/cds_qr_code/build/CMakeFiles/CMakeTmp/CheckIncludeFile.c
Linking C executable cmTC_3b710
/usr/local/Cellar/cmake/3.21.4/bin/cmake -E cmake_link_script CMakeFiles/cmTC_3b710.dir/link.txt --verbose=1
/usr/bin/clang  -isysroot /Applications/Xcode.app/Contents/Developer/Platforms/MacOSX.platform/Developer/SDKs/MacOSX12.0.sdk -mmacosx-version-min=11.6 -Wl,-search_paths_first -Wl,-headerpad_max_install_names CMakeFiles/cmTC_3b710.dir/CheckIncludeFile.c.o -o cmTC_3b710 



Determining if the include file stdlib.h exists passed with the following output:
Change Dir: /Users/chendongsheng/github/cds_qr_code/build/CMakeFiles/CMakeTmp

Run Build Command(s):/usr/bin/make -f Makefile cmTC_80921/fast && /Applications/Xcode.app/Contents/Developer/usr/bin/make  -f CMakeFiles/cmTC_80921.dir/build.make CMakeFiles/cmTC_80921.dir/build
Building C object CMakeFiles/cmTC_80921.dir/CheckIncludeFile.c.o
/usr/bin/clang   -isysroot /Applications/Xcode.app/Contents/Developer/Platforms/MacOSX.platform/Developer/SDKs/MacOSX12.0.sdk -mmacosx-version-min=11.6 -MD -MT CMakeFiles/cmTC_80921.dir/CheckIncludeFile.c.o -MF CMakeFiles/cmTC_80921.dir/CheckIncludeFile.c.o.d -o CMakeFiles/cmTC_80921.dir/CheckIncludeFile.c.o -c /Users/chendongsheng/github/cds_qr_code/build/CMakeFiles/CMakeTmp/CheckIncludeFile.c
Linking C executable cmTC_80921
/usr/local/Cellar/cmake/3.21.4/bin/cmake -E cmake_link_script CMakeFiles/cmTC_80921.dir/link.txt --verbose=1
/usr/bin/clang  -isysroot /Applications/Xcode.app/Contents/Developer/Platforms/MacOSX.platform/Developer/SDKs/MacOSX12.0.sdk -mmacosx-version-min=11.6 -Wl,-search_paths_first -Wl,-headerpad_max_install_names CMakeFiles/cmTC_80921.dir/CheckIncludeFile.c.o -o cmTC_80921 



Determining if the include file strings.h exists passed with the following output:
Change Dir: /Users/chendongsheng/github/cds_qr_code/build/CMakeFiles/CMakeTmp

Run Build Command(s):/usr/bin/make -f Makefile cmTC_4b09c/fast && /Applications/Xcode.app/Contents/Developer/usr/bin/make  -f CMakeFiles/cmTC_4b09c.dir/build.make CMakeFiles/cmTC_4b09c.dir/build
Building C object CMakeFiles/cmTC_4b09c.dir/CheckIncludeFile.c.o
/usr/bin/clang   -isysroot /Applications/Xcode.app/Contents/Developer/Platforms/MacOSX.platform/Developer/SDKs/MacOSX12.0.sdk -mmacosx-version-min=11.6 -MD -MT CMakeFiles/cmTC_4b09c.dir/CheckIncludeFile.c.o -MF CMakeFiles/cmTC_4b09c.dir/CheckIncludeFile.c.o.d -o CMakeFiles/cmTC_4b09c.dir/CheckIncludeFile.c.o -c /Users/chendongsheng/github/cds_qr_code/build/CMakeFiles/CMakeTmp/CheckIncludeFile.c
Linking C executable cmTC_4b09c
/usr/local/Cellar/cmake/3.21.4/bin/cmake -E cmake_link_script CMakeFiles/cmTC_4b09c.dir/link.txt --verbose=1
/usr/bin/clang  -isysroot /Applications/Xcode.app/Contents/Developer/Platforms/MacOSX.platform/Developer/SDKs/MacOSX12.0.sdk -mmacosx-version-min=11.6 -Wl,-search_paths_first -Wl,-headerpad_max_install_names CMakeFiles/cmTC_4b09c.dir/CheckIncludeFile.c.o -o cmTC_4b09c 



Determining if the include file string.h exists passed with the following output:
Change Dir: /Users/chendongsheng/github/cds_qr_code/build/CMakeFiles/CMakeTmp

Run Build Command(s):/usr/bin/make -f Makefile cmTC_a1949/fast && /Applications/Xcode.app/Contents/Developer/usr/bin/make  -f CMakeFiles/cmTC_a1949.dir/build.make CMakeFiles/cmTC_a1949.dir/build
Building C object CMakeFiles/cmTC_a1949.dir/CheckIncludeFile.c.o
/usr/bin/clang   -isysroot /Applications/Xcode.app/Contents/Developer/Platforms/MacOSX.platform/Developer/SDKs/MacOSX12.0.sdk -mmacosx-version-min=11.6 -MD -MT CMakeFiles/cmTC_a1949.dir/CheckIncludeFile.c.o -MF CMakeFiles/cmTC_a1949.dir/CheckIncludeFile.c.o.d -o CMakeFiles/cmTC_a1949.dir/CheckIncludeFile.c.o -c /Users/chendongsheng/github/cds_qr_code/build/CMakeFiles/CMakeTmp/CheckIncludeFile.c
Linking C executable cmTC_a1949
/usr/local/Cellar/cmake/3.21.4/bin/cmake -E cmake_link_script CMakeFiles/cmTC_a1949.dir/link.txt --verbose=1
/usr/bin/clang  -isysroot /Applications/Xcode.app/Contents/Developer/Platforms/MacOSX.platform/Developer/SDKs/MacOSX12.0.sdk -mmacosx-version-min=11.6 -Wl,-search_paths_first -Wl,-headerpad_max_install_names CMakeFiles/cmTC_a1949.dir/CheckIncludeFile.c.o -o cmTC_a1949 



Determining if the include file getopt.h exists passed with the following output:
Change Dir: /Users/chendongsheng/github/cds_qr_code/build/CMakeFiles/CMakeTmp

Run Build Command(s):/usr/bin/make -f Makefile cmTC_8aa5e/fast && /Applications/Xcode.app/Contents/Developer/usr/bin/make  -f CMakeFiles/cmTC_8aa5e.dir/build.make CMakeFiles/cmTC_8aa5e.dir/build
Building C object CMakeFiles/cmTC_8aa5e.dir/CheckIncludeFile.c.o
/usr/bin/clang   -isysroot /Applications/Xcode.app/Contents/Developer/Platforms/MacOSX.platform/Developer/SDKs/MacOSX12.0.sdk -mmacosx-version-min=11.6 -MD -MT CMakeFiles/cmTC_8aa5e.dir/CheckIncludeFile.c.o -MF CMakeFiles/cmTC_8aa5e.dir/CheckIncludeFile.c.o.d -o CMakeFiles/cmTC_8aa5e.dir/CheckIncludeFile.c.o -c /Users/chendongsheng/github/cds_qr_code/build/CMakeFiles/CMakeTmp/CheckIncludeFile.c
Linking C executable cmTC_8aa5e
/usr/local/Cellar/cmake/3.21.4/bin/cmake -E cmake_link_script CMakeFiles/cmTC_8aa5e.dir/link.txt --verbose=1
/usr/bin/clang  -isysroot /Applications/Xcode.app/Contents/Developer/Platforms/MacOSX.platform/Developer/SDKs/MacOSX12.0.sdk -mmacosx-version-min=11.6 -Wl,-search_paths_first -Wl,-headerpad_max_install_names CMakeFiles/cmTC_8aa5e.dir/CheckIncludeFile.c.o -o cmTC_8aa5e 



Determining if the include file sys/time.h exists passed with the following output:
Change Dir: /Users/chendongsheng/github/cds_qr_code/build/CMakeFiles/CMakeTmp

Run Build Command(s):/usr/bin/make -f Makefile cmTC_b2422/fast && /Applications/Xcode.app/Contents/Developer/usr/bin/make  -f CMakeFiles/cmTC_b2422.dir/build.make CMakeFiles/cmTC_b2422.dir/build
Building C object CMakeFiles/cmTC_b2422.dir/CheckIncludeFile.c.o
/usr/bin/clang   -isysroot /Applications/Xcode.app/Contents/Developer/Platforms/MacOSX.platform/Developer/SDKs/MacOSX12.0.sdk -mmacosx-version-min=11.6 -MD -MT CMakeFiles/cmTC_b2422.dir/CheckIncludeFile.c.o -MF CMakeFiles/cmTC_b2422.dir/CheckIncludeFile.c.o.d -o CMakeFiles/cmTC_b2422.dir/CheckIncludeFile.c.o -c /Users/chendongsheng/github/cds_qr_code/build/CMakeFiles/CMakeTmp/CheckIncludeFile.c
Linking C executable cmTC_b2422
/usr/local/Cellar/cmake/3.21.4/bin/cmake -E cmake_link_script CMakeFiles/cmTC_b2422.dir/link.txt --verbose=1
/usr/bin/clang  -isysroot /Applications/Xcode.app/Contents/Developer/Platforms/MacOSX.platform/Developer/SDKs/MacOSX12.0.sdk -mmacosx-version-min=11.6 -Wl,-search_paths_first -Wl,-headerpad_max_install_names CMakeFiles/cmTC_b2422.dir/CheckIncludeFile.c.o -o cmTC_b2422 



Determining if the include file time.h exists passed with the following output:
Change Dir: /Users/chendongsheng/github/cds_qr_code/build/CMakeFiles/CMakeTmp

Run Build Command(s):/usr/bin/make -f Makefile cmTC_9e84e/fast && /Applications/Xcode.app/Contents/Developer/usr/bin/make  -f CMakeFiles/cmTC_9e84e.dir/build.make CMakeFiles/cmTC_9e84e.dir/build
Building C object CMakeFiles/cmTC_9e84e.dir/CheckIncludeFile.c.o
/usr/bin/clang   -isysroot /Applications/Xcode.app/Contents/Developer/Platforms/MacOSX.platform/Developer/SDKs/MacOSX12.0.sdk -mmacosx-version-min=11.6 -MD -MT CMakeFiles/cmTC_9e84e.dir/CheckIncludeFile.c.o -MF CMakeFiles/cmTC_9e84e.dir/CheckIncludeFile.c.o.d -o CMakeFiles/cmTC_9e84e.dir/CheckIncludeFile.c.o -c /Users/chendongsheng/github/cds_qr_code/build/CMakeFiles/CMakeTmp/CheckIncludeFile.c
Linking C executable cmTC_9e84e
/usr/local/Cellar/cmake/3.21.4/bin/cmake -E cmake_link_script CMakeFiles/cmTC_9e84e.dir/link.txt --verbose=1
/usr/bin/clang  -isysroot /Applications/Xcode.app/Contents/Developer/Platforms/MacOSX.platform/Developer/SDKs/MacOSX12.0.sdk -mmacosx-version-min=11.6 -Wl,-search_paths_first -Wl,-headerpad_max_install_names CMakeFiles/cmTC_9e84e.dir/CheckIncludeFile.c.o -o cmTC_9e84e 



Determining if the include file pthread.h exists passed with the following output:
Change Dir: /Users/chendongsheng/github/cds_qr_code/build/CMakeFiles/CMakeTmp

Run Build Command(s):/usr/bin/make -f Makefile cmTC_da9d4/fast && /Applications/Xcode.app/Contents/Developer/usr/bin/make  -f CMakeFiles/cmTC_da9d4.dir/build.make CMakeFiles/cmTC_da9d4.dir/build
Building C object CMakeFiles/cmTC_da9d4.dir/CheckIncludeFile.c.o
/usr/bin/clang   -isysroot /Applications/Xcode.app/Contents/Developer/Platforms/MacOSX.platform/Developer/SDKs/MacOSX12.0.sdk -mmacosx-version-min=11.6 -MD -MT CMakeFiles/cmTC_da9d4.dir/CheckIncludeFile.c.o -MF CMakeFiles/cmTC_da9d4.dir/CheckIncludeFile.c.o.d -o CMakeFiles/cmTC_da9d4.dir/CheckIncludeFile.c.o -c /Users/chendongsheng/github/cds_qr_code/build/CMakeFiles/CMakeTmp/CheckIncludeFile.c
Linking C executable cmTC_da9d4
/usr/local/Cellar/cmake/3.21.4/bin/cmake -E cmake_link_script CMakeFiles/cmTC_da9d4.dir/link.txt --verbose=1
/usr/bin/clang  -isysroot /Applications/Xcode.app/Contents/Developer/Platforms/MacOSX.platform/Developer/SDKs/MacOSX12.0.sdk -mmacosx-version-min=11.6 -Wl,-search_paths_first -Wl,-headerpad_max_install_names CMakeFiles/cmTC_da9d4.dir/CheckIncludeFile.c.o -o cmTC_da9d4 



Determining if the function strdup exists passed with the following output:
Change Dir: /Users/chendongsheng/github/cds_qr_code/build/CMakeFiles/CMakeTmp

Run Build Command(s):/usr/bin/make -f Makefile cmTC_22ba1/fast && /Applications/Xcode.app/Contents/Developer/usr/bin/make  -f CMakeFiles/cmTC_22ba1.dir/build.make CMakeFiles/cmTC_22ba1.dir/build
Building C object CMakeFiles/cmTC_22ba1.dir/CheckFunctionExists.c.o
/usr/bin/clang   -DCHECK_FUNCTION_EXISTS=strdup -isysroot /Applications/Xcode.app/Contents/Developer/Platforms/MacOSX.platform/Developer/SDKs/MacOSX12.0.sdk -mmacosx-version-min=11.6 -MD -MT CMakeFiles/cmTC_22ba1.dir/CheckFunctionExists.c.o -MF CMakeFiles/cmTC_22ba1.dir/CheckFunctionExists.c.o.d -o CMakeFiles/cmTC_22ba1.dir/CheckFunctionExists.c.o -c /usr/local/Cellar/cmake/3.21.4/share/cmake/Modules/CheckFunctionExists.c
/usr/local/Cellar/cmake/3.21.4/share/cmake/Modules/CheckFunctionExists.c:7:3: warning: incompatible redeclaration of library function 'strdup' [-Wincompatible-library-redeclaration]
  CHECK_FUNCTION_EXISTS(void);
  ^
<command line>:1:31: note: expanded from here
#define CHECK_FUNCTION_EXISTS strdup
                              ^
/usr/local/Cellar/cmake/3.21.4/share/cmake/Modules/CheckFunctionExists.c:7:3: note: 'strdup' is a builtin with type 'char *(const char *)'
<command line>:1:31: note: expanded from here
#define CHECK_FUNCTION_EXISTS strdup
                              ^
1 warning generated.
Linking C executable cmTC_22ba1
/usr/local/Cellar/cmake/3.21.4/bin/cmake -E cmake_link_script CMakeFiles/cmTC_22ba1.dir/link.txt --verbose=1
/usr/bin/clang  -DCHECK_FUNCTION_EXISTS=strdup -isysroot /Applications/Xcode.app/Contents/Developer/Platforms/MacOSX.platform/Developer/SDKs/MacOSX12.0.sdk -mmacosx-version-min=11.6 -Wl,-search_paths_first -Wl,-headerpad_max_install_names CMakeFiles/cmTC_22ba1.dir/CheckFunctionExists.c.o -o cmTC_22ba1 



Performing C SOURCE FILE Test FIXED_SIZE_BUFFER_INITIALIZATION succeeded with the following output:
Change Dir: /Users/chendongsheng/github/cds_qr_code/build/CMakeFiles/CMakeTmp

Run Build Command(s):/usr/bin/make -f Makefile cmTC_57b52/fast && /Applications/Xcode.app/Contents/Developer/usr/bin/make  -f CMakeFiles/cmTC_57b52.dir/build.make CMakeFiles/cmTC_57b52.dir/build
Building C object CMakeFiles/cmTC_57b52.dir/src.c.o
/usr/bin/clang -DFIXED_SIZE_BUFFER_INITIALIZATION  -isysroot /Applications/Xcode.app/Contents/Developer/Platforms/MacOSX.platform/Developer/SDKs/MacOSX12.0.sdk -mmacosx-version-min=11.6 -MD -MT CMakeFiles/cmTC_57b52.dir/src.c.o -MF CMakeFiles/cmTC_57b52.dir/src.c.o.d -o CMakeFiles/cmTC_57b52.dir/src.c.o -c /Users/chendongsheng/github/cds_qr_code/build/CMakeFiles/CMakeTmp/src.c
Linking C executable cmTC_57b52
/usr/local/Cellar/cmake/3.21.4/bin/cmake -E cmake_link_script CMakeFiles/cmTC_57b52.dir/link.txt --verbose=1
/usr/bin/clang  -isysroot /Applications/Xcode.app/Contents/Developer/Platforms/MacOSX.platform/Developer/SDKs/MacOSX12.0.sdk -mmacosx-version-min=11.6 -Wl,-search_paths_first -Wl,-headerpad_max_install_names CMakeFiles/cmTC_57b52.dir/src.c.o -o cmTC_57b52 


Source file was:
int main(){
            const int w = 1;
            char buf[w];
            return 0;
        }
